<?xml version="1.0" encoding="UTF-8"?>
<testsuite xmlns:xsi="http://www.w3.org/2001/XMLSchema-instance" xsi:noNamespaceSchemaLocation="https://maven.apache.org/surefire/maven-surefire-plugin/xsd/surefire-test-report-3.0.xsd" version="3.0" name="TestSuite" time="77.886" tests="2" errors="0" skipped="0" failures="2">
  <properties>
    <property name="sun.desktop" value="windows"/>
    <property name="awt.toolkit" value="sun.awt.windows.WToolkit"/>
    <property name="file.encoding.pkg" value="sun.io"/>
    <property name="java.specification.version" value="1.8"/>
    <property name="webdriver.chrome.driver" value="./Drivers/chromedriver.exe"/>
    <property name="sun.cpu.isalist" value="amd64"/>
    <property name="sun.jnu.encoding" value="Cp1252"/>
    <property name="java.class.path" value="D:\FinalPAS\emprixTest\target\test-classes;D:\FinalPAS\emprixTest\target\classes;C:\Users\vidhukrant.vikram\.m2\repository\org\seleniumhq\selenium\selenium-java\3.141.59\selenium-java-3.141.59.jar;C:\Users\vidhukrant.vikram\.m2\repository\org\seleniumhq\selenium\selenium-api\3.141.59\selenium-api-3.141.59.jar;C:\Users\vidhukrant.vikram\.m2\repository\org\seleniumhq\selenium\selenium-chrome-driver\3.141.59\selenium-chrome-driver-3.141.59.jar;C:\Users\vidhukrant.vikram\.m2\repository\org\seleniumhq\selenium\selenium-edge-driver\3.141.59\selenium-edge-driver-3.141.59.jar;C:\Users\vidhukrant.vikram\.m2\repository\org\seleniumhq\selenium\selenium-firefox-driver\3.141.59\selenium-firefox-driver-3.141.59.jar;C:\Users\vidhukrant.vikram\.m2\repository\org\seleniumhq\selenium\selenium-ie-driver\3.141.59\selenium-ie-driver-3.141.59.jar;C:\Users\vidhukrant.vikram\.m2\repository\org\seleniumhq\selenium\selenium-opera-driver\3.141.59\selenium-opera-driver-3.141.59.jar;C:\Users\vidhukrant.vikram\.m2\repository\org\seleniumhq\selenium\selenium-remote-driver\3.141.59\selenium-remote-driver-3.141.59.jar;C:\Users\vidhukrant.vikram\.m2\repository\org\seleniumhq\selenium\selenium-safari-driver\3.141.59\selenium-safari-driver-3.141.59.jar;C:\Users\vidhukrant.vikram\.m2\repository\org\seleniumhq\selenium\selenium-support\3.141.59\selenium-support-3.141.59.jar;C:\Users\vidhukrant.vikram\.m2\repository\net\bytebuddy\byte-buddy\1.8.15\byte-buddy-1.8.15.jar;C:\Users\vidhukrant.vikram\.m2\repository\org\apache\commons\commons-exec\1.3\commons-exec-1.3.jar;C:\Users\vidhukrant.vikram\.m2\repository\com\google\guava\guava\25.0-jre\guava-25.0-jre.jar;C:\Users\vidhukrant.vikram\.m2\repository\com\google\code\findbugs\jsr305\1.3.9\jsr305-1.3.9.jar;C:\Users\vidhukrant.vikram\.m2\repository\org\checkerframework\checker-compat-qual\2.0.0\checker-compat-qual-2.0.0.jar;C:\Users\vidhukrant.vikram\.m2\repository\com\google\errorprone\error_prone_annotations\2.1.3\error_prone_annotations-2.1.3.jar;C:\Users\vidhukrant.vikram\.m2\repository\com\google\j2objc\j2objc-annotations\1.1\j2objc-annotations-1.1.jar;C:\Users\vidhukrant.vikram\.m2\repository\org\codehaus\mojo\animal-sniffer-annotations\1.14\animal-sniffer-annotations-1.14.jar;C:\Users\vidhukrant.vikram\.m2\repository\com\squareup\okhttp3\okhttp\3.11.0\okhttp-3.11.0.jar;C:\Users\vidhukrant.vikram\.m2\repository\com\squareup\okio\okio\1.14.0\okio-1.14.0.jar;C:\Users\vidhukrant.vikram\.m2\repository\org\apache\poi\poi\4.1.1\poi-4.1.1.jar;C:\Users\vidhukrant.vikram\.m2\repository\commons-codec\commons-codec\1.13\commons-codec-1.13.jar;C:\Users\vidhukrant.vikram\.m2\repository\org\apache\commons\commons-collections4\4.4\commons-collections4-4.4.jar;C:\Users\vidhukrant.vikram\.m2\repository\org\apache\commons\commons-math3\3.6.1\commons-math3-3.6.1.jar;C:\Users\vidhukrant.vikram\.m2\repository\org\apache\poi\poi-ooxml\4.1.1\poi-ooxml-4.1.1.jar;C:\Users\vidhukrant.vikram\.m2\repository\org\apache\poi\poi-ooxml-schemas\4.1.1\poi-ooxml-schemas-4.1.1.jar;C:\Users\vidhukrant.vikram\.m2\repository\org\apache\xmlbeans\xmlbeans\3.1.0\xmlbeans-3.1.0.jar;C:\Users\vidhukrant.vikram\.m2\repository\org\apache\commons\commons-compress\1.19\commons-compress-1.19.jar;C:\Users\vidhukrant.vikram\.m2\repository\com\github\virtuald\curvesapi\1.06\curvesapi-1.06.jar;C:\Users\vidhukrant.vikram\.m2\repository\com\aventstack\extentreports-testng-adapter\1.0.5\extentreports-testng-adapter-1.0.5.jar;C:\Users\vidhukrant.vikram\.m2\repository\com\aventstack\extentreports\4.1.2\extentreports-4.1.2.jar;C:\Users\vidhukrant.vikram\.m2\repository\org\freemarker\freemarker\2.3.29\freemarker-2.3.29.jar;C:\Users\vidhukrant.vikram\.m2\repository\org\apache\httpcomponents\httpclient\4.5.2\httpclient-4.5.2.jar;C:\Users\vidhukrant.vikram\.m2\repository\org\apache\httpcomponents\httpcore\4.4.4\httpcore-4.4.4.jar;C:\Users\vidhukrant.vikram\.m2\repository\commons-logging\commons-logging\1.2\commons-logging-1.2.jar;C:\Users\vidhukrant.vikram\.m2\repository\org\apache\httpcomponents\httpmime\4.5.2\httpmime-4.5.2.jar;C:\Users\vidhukrant.vikram\.m2\repository\com\google\code\gson\gson\2.8.6\gson-2.8.6.jar;C:\Users\vidhukrant.vikram\.m2\repository\org\mongodb\bson\3.12.0\bson-3.12.0.jar;C:\Users\vidhukrant.vikram\.m2\repository\org\mongodb\mongodb-driver\3.3.0\mongodb-driver-3.3.0.jar;C:\Users\vidhukrant.vikram\.m2\repository\org\mongodb\mongodb-driver-core\3.3.0\mongodb-driver-core-3.3.0.jar;C:\Users\vidhukrant.vikram\.m2\repository\org\testng\testng\6.14.3\testng-6.14.3.jar;C:\Users\vidhukrant.vikram\.m2\repository\com\beust\jcommander\1.72\jcommander-1.72.jar;C:\Users\vidhukrant.vikram\.m2\repository\org\apache-extras\beanshell\bsh\2.0b6\bsh-2.0b6.jar;C:\Users\vidhukrant.vikram\.m2\repository\org\assertj\assertj-core\3.11.1\assertj-core-3.11.1.jar;"/>
    <property name="java.vm.vendor" value="Oracle Corporation"/>
    <property name="sun.arch.data.model" value="64"/>
    <property name="user.variant" value=""/>
    <property name="java.vendor.url" value="http://java.oracle.com/"/>
    <property name="user.timezone" value="Asia/Calcutta"/>
    <property name="java.vm.specification.version" value="1.8"/>
    <property name="os.name" value="Windows 10"/>
    <property name="user.country" value="IN"/>
    <property name="sun.java.launcher" value="SUN_STANDARD"/>
    <property name="sun.boot.library.path" value="C:\Program Files\Java\jdk1.8.0_231\jre\bin"/>
    <property name="sun.java.command" value="C:\Users\vidhukrant.vikram\AppData\Local\Temp\surefire7572586562484701091\surefirebooter2289223060329437873.jar C:\Users\vidhukrant.vikram\AppData\Local\Temp\surefire7572586562484701091 2020-04-14T23-50-31_387-jvmRun1 surefire3653611751791927032tmp surefire_06178844201218219553tmp"/>
    <property name="surefire.test.class.path" value="D:\FinalPAS\emprixTest\target\test-classes;D:\FinalPAS\emprixTest\target\classes;C:\Users\vidhukrant.vikram\.m2\repository\org\seleniumhq\selenium\selenium-java\3.141.59\selenium-java-3.141.59.jar;C:\Users\vidhukrant.vikram\.m2\repository\org\seleniumhq\selenium\selenium-api\3.141.59\selenium-api-3.141.59.jar;C:\Users\vidhukrant.vikram\.m2\repository\org\seleniumhq\selenium\selenium-chrome-driver\3.141.59\selenium-chrome-driver-3.141.59.jar;C:\Users\vidhukrant.vikram\.m2\repository\org\seleniumhq\selenium\selenium-edge-driver\3.141.59\selenium-edge-driver-3.141.59.jar;C:\Users\vidhukrant.vikram\.m2\repository\org\seleniumhq\selenium\selenium-firefox-driver\3.141.59\selenium-firefox-driver-3.141.59.jar;C:\Users\vidhukrant.vikram\.m2\repository\org\seleniumhq\selenium\selenium-ie-driver\3.141.59\selenium-ie-driver-3.141.59.jar;C:\Users\vidhukrant.vikram\.m2\repository\org\seleniumhq\selenium\selenium-opera-driver\3.141.59\selenium-opera-driver-3.141.59.jar;C:\Users\vidhukrant.vikram\.m2\repository\org\seleniumhq\selenium\selenium-remote-driver\3.141.59\selenium-remote-driver-3.141.59.jar;C:\Users\vidhukrant.vikram\.m2\repository\org\seleniumhq\selenium\selenium-safari-driver\3.141.59\selenium-safari-driver-3.141.59.jar;C:\Users\vidhukrant.vikram\.m2\repository\org\seleniumhq\selenium\selenium-support\3.141.59\selenium-support-3.141.59.jar;C:\Users\vidhukrant.vikram\.m2\repository\net\bytebuddy\byte-buddy\1.8.15\byte-buddy-1.8.15.jar;C:\Users\vidhukrant.vikram\.m2\repository\org\apache\commons\commons-exec\1.3\commons-exec-1.3.jar;C:\Users\vidhukrant.vikram\.m2\repository\com\google\guava\guava\25.0-jre\guava-25.0-jre.jar;C:\Users\vidhukrant.vikram\.m2\repository\com\google\code\findbugs\jsr305\1.3.9\jsr305-1.3.9.jar;C:\Users\vidhukrant.vikram\.m2\repository\org\checkerframework\checker-compat-qual\2.0.0\checker-compat-qual-2.0.0.jar;C:\Users\vidhukrant.vikram\.m2\repository\com\google\errorprone\error_prone_annotations\2.1.3\error_prone_annotations-2.1.3.jar;C:\Users\vidhukrant.vikram\.m2\repository\com\google\j2objc\j2objc-annotations\1.1\j2objc-annotations-1.1.jar;C:\Users\vidhukrant.vikram\.m2\repository\org\codehaus\mojo\animal-sniffer-annotations\1.14\animal-sniffer-annotations-1.14.jar;C:\Users\vidhukrant.vikram\.m2\repository\com\squareup\okhttp3\okhttp\3.11.0\okhttp-3.11.0.jar;C:\Users\vidhukrant.vikram\.m2\repository\com\squareup\okio\okio\1.14.0\okio-1.14.0.jar;C:\Users\vidhukrant.vikram\.m2\repository\org\apache\poi\poi\4.1.1\poi-4.1.1.jar;C:\Users\vidhukrant.vikram\.m2\repository\commons-codec\commons-codec\1.13\commons-codec-1.13.jar;C:\Users\vidhukrant.vikram\.m2\repository\org\apache\commons\commons-collections4\4.4\commons-collections4-4.4.jar;C:\Users\vidhukrant.vikram\.m2\repository\org\apache\commons\commons-math3\3.6.1\commons-math3-3.6.1.jar;C:\Users\vidhukrant.vikram\.m2\repository\org\apache\poi\poi-ooxml\4.1.1\poi-ooxml-4.1.1.jar;C:\Users\vidhukrant.vikram\.m2\repository\org\apache\poi\poi-ooxml-schemas\4.1.1\poi-ooxml-schemas-4.1.1.jar;C:\Users\vidhukrant.vikram\.m2\repository\org\apache\xmlbeans\xmlbeans\3.1.0\xmlbeans-3.1.0.jar;C:\Users\vidhukrant.vikram\.m2\repository\org\apache\commons\commons-compress\1.19\commons-compress-1.19.jar;C:\Users\vidhukrant.vikram\.m2\repository\com\github\virtuald\curvesapi\1.06\curvesapi-1.06.jar;C:\Users\vidhukrant.vikram\.m2\repository\com\aventstack\extentreports-testng-adapter\1.0.5\extentreports-testng-adapter-1.0.5.jar;C:\Users\vidhukrant.vikram\.m2\repository\com\aventstack\extentreports\4.1.2\extentreports-4.1.2.jar;C:\Users\vidhukrant.vikram\.m2\repository\org\freemarker\freemarker\2.3.29\freemarker-2.3.29.jar;C:\Users\vidhukrant.vikram\.m2\repository\org\apache\httpcomponents\httpclient\4.5.2\httpclient-4.5.2.jar;C:\Users\vidhukrant.vikram\.m2\repository\org\apache\httpcomponents\httpcore\4.4.4\httpcore-4.4.4.jar;C:\Users\vidhukrant.vikram\.m2\repository\commons-logging\commons-logging\1.2\commons-logging-1.2.jar;C:\Users\vidhukrant.vikram\.m2\repository\org\apache\httpcomponents\httpmime\4.5.2\httpmime-4.5.2.jar;C:\Users\vidhukrant.vikram\.m2\repository\com\google\code\gson\gson\2.8.6\gson-2.8.6.jar;C:\Users\vidhukrant.vikram\.m2\repository\org\mongodb\bson\3.12.0\bson-3.12.0.jar;C:\Users\vidhukrant.vikram\.m2\repository\org\mongodb\mongodb-driver\3.3.0\mongodb-driver-3.3.0.jar;C:\Users\vidhukrant.vikram\.m2\repository\org\mongodb\mongodb-driver-core\3.3.0\mongodb-driver-core-3.3.0.jar;C:\Users\vidhukrant.vikram\.m2\repository\org\testng\testng\6.14.3\testng-6.14.3.jar;C:\Users\vidhukrant.vikram\.m2\repository\com\beust\jcommander\1.72\jcommander-1.72.jar;C:\Users\vidhukrant.vikram\.m2\repository\org\apache-extras\beanshell\bsh\2.0b6\bsh-2.0b6.jar;C:\Users\vidhukrant.vikram\.m2\repository\org\assertj\assertj-core\3.11.1\assertj-core-3.11.1.jar;"/>
    <property name="sun.cpu.endian" value="little"/>
    <property name="user.home" value="C:\Users\vidhukrant.vikram"/>
    <property name="user.language" value="en"/>
    <property name="java.specification.vendor" value="Oracle Corporation"/>
    <property name="java.home" value="C:\Program Files\Java\jdk1.8.0_231\jre"/>
    <property name="basedir" value="D:\FinalPAS\emprixTest"/>
    <property name="file.separator" value="\"/>
    <property name="line.separator" value="&#10;"/>
    <property name="java.vm.specification.vendor" value="Oracle Corporation"/>
    <property name="java.specification.name" value="Java Platform API Specification"/>
    <property name="java.awt.graphicsenv" value="sun.awt.Win32GraphicsEnvironment"/>
    <property name="surefire.real.class.path" value="C:\Users\vidhukrant.vikram\AppData\Local\Temp\surefire7572586562484701091\surefirebooter2289223060329437873.jar"/>
    <property name="sun.boot.class.path" value="C:\Program Files\Java\jdk1.8.0_231\jre\lib\resources.jar;C:\Program Files\Java\jdk1.8.0_231\jre\lib\rt.jar;C:\Program Files\Java\jdk1.8.0_231\jre\lib\sunrsasign.jar;C:\Program Files\Java\jdk1.8.0_231\jre\lib\jsse.jar;C:\Program Files\Java\jdk1.8.0_231\jre\lib\jce.jar;C:\Program Files\Java\jdk1.8.0_231\jre\lib\charsets.jar;C:\Program Files\Java\jdk1.8.0_231\jre\lib\jfr.jar;C:\Program Files\Java\jdk1.8.0_231\jre\classes"/>
    <property name="user.script" value=""/>
    <property name="sun.management.compiler" value="HotSpot 64-Bit Tiered Compilers"/>
    <property name="java.runtime.version" value="1.8.0_231-b11"/>
    <property name="user.name" value="Vidhukrant.Vikram"/>
    <property name="path.separator" value=";"/>
    <property name="os.version" value="10.0"/>
    <property name="java.endorsed.dirs" value="C:\Program Files\Java\jdk1.8.0_231\jre\lib\endorsed"/>
    <property name="java.runtime.name" value="Java(TM) SE Runtime Environment"/>
    <property name="file.encoding" value="Cp1252"/>
    <property name="java.vm.name" value="Java HotSpot(TM) 64-Bit Server VM"/>
    <property name="localRepository" value="C:\Users\vidhukrant.vikram\.m2\repository"/>
    <property name="java.vendor.url.bug" value="http://bugreport.sun.com/bugreport/"/>
    <property name="java.io.tmpdir" value="C:\Users\VIDHUK~1.VIK\AppData\Local\Temp\"/>
    <property name="java.version" value="1.8.0_231"/>
    <property name="user.dir" value="D:\FinalPAS\emprixTest"/>
    <property name="os.arch" value="amd64"/>
    <property name="java.vm.specification.name" value="Java Virtual Machine Specification"/>
    <property name="java.awt.printerjob" value="sun.awt.windows.WPrinterJob"/>
    <property name="sun.os.patch.level" value=""/>
    <property name="java.library.path" value="C:\Program Files\Java\jdk1.8.0_231\jre\bin;C:\Windows\Sun\Java\bin;C:\Windows\system32;C:\Windows;D:\Python\Scripts\;D:\Python\;C:\Program Files (x86)\Common Files\Oracle\Java\javapath;C:\Windows\system32;C:\Windows;C:\Windows\System32\Wbem;C:\Windows\System32\WindowsPowerShell\v1.0\;C:\Windows\System32\OpenSSH\;C:\Program Files (x86)\IBM\StoredIQ Desktop Data Collector\;C:\Program Files\nodejs\;C:\Program Files\Java\jdk1.8.0_231\bin;C:\Users\vidhukrant.vikram\AppData\Local\Microsoft\WindowsApps;D:\Data\Git\cmd;C:\Users\vidhukrant.vikram\apps\apache-maven-3.6.3\bin;C:\Users\vidhukrant.vikram\AppData\Roaming\npm;."/>
    <property name="java.vm.info" value="mixed mode"/>
    <property name="java.vendor" value="Oracle Corporation"/>
    <property name="java.vm.version" value="25.231-b11"/>
    <property name="java.ext.dirs" value="C:\Program Files\Java\jdk1.8.0_231\jre\lib\ext;C:\Windows\Sun\Java\lib\ext"/>
    <property name="sun.io.unicode.encoding" value="UnicodeLittle"/>
    <property name="java.class.version" value="52.0"/>
  </properties>
  <testcase name="TC_002" classname="com.emprix.tests.LoginTest" time="15.159">
    <failure message="no such element: Unable to locate element: {&quot;method&quot;:&quot;xpath&quot;,&quot;selector&quot;:&quot;//input[@name=&apos;callback_0&apos;]&quot;}&#10;  (Session info: chrome=80.0.3987.163)&#10;For documentation on this error, please visit: https://www.seleniumhq.org/exceptions/no_such_element.html&#10;Build info: version: &apos;3.141.59&apos;, revision: &apos;e82be7d358&apos;, time: &apos;2018-11-14T08:17:03&apos;&#10;System info: host: &apos;LAP-TZD-0X73500&apos;, ip: &apos;192.168.100.101&apos;, os.name: &apos;Windows 10&apos;, os.arch: &apos;amd64&apos;, os.version: &apos;10.0&apos;, java.version: &apos;1.8.0_231&apos;&#10;Driver info: org.openqa.selenium.chrome.ChromeDriver&#10;Capabilities {acceptInsecureCerts: false, browserName: chrome, browserVersion: 80.0.3987.163, chrome: {chromedriverVersion: 80.0.3987.16 (320f6526c1632..., userDataDir: C:\Users\VIDHUK~1.VIK\AppDa...}, goog:chromeOptions: {debuggerAddress: localhost:56909}, javascriptEnabled: true, networkConnectionEnabled: false, pageLoadStrategy: normal, platform: WINDOWS, platformName: WINDOWS, proxy: Proxy(), setWindowRect: true, strictFileInteractability: false, timeouts: {implicit: 0, pageLoad: 300000, script: 30000}, unhandledPromptBehavior: dismiss and notify}&#10;Session ID: 2da787dc2b94b180fef4f38fdf3fcbdb&#10;*** Element info: {Using=xpath, value=//input[@name=&apos;callback_0&apos;]}" type="org.openqa.selenium.NoSuchElementException"><![CDATA[org.openqa.selenium.NoSuchElementException: 
no such element: Unable to locate element: {"method":"xpath","selector":"//input[@name='callback_0']"}
  (Session info: chrome=80.0.3987.163)
For documentation on this error, please visit: https://www.seleniumhq.org/exceptions/no_such_element.html
Build info: version: '3.141.59', revision: 'e82be7d358', time: '2018-11-14T08:17:03'
System info: host: 'LAP-TZD-0X73500', ip: '192.168.100.101', os.name: 'Windows 10', os.arch: 'amd64', os.version: '10.0', java.version: '1.8.0_231'
Driver info: org.openqa.selenium.chrome.ChromeDriver
Capabilities {acceptInsecureCerts: false, browserName: chrome, browserVersion: 80.0.3987.163, chrome: {chromedriverVersion: 80.0.3987.16 (320f6526c1632..., userDataDir: C:\Users\VIDHUK~1.VIK\AppDa...}, goog:chromeOptions: {debuggerAddress: localhost:56909}, javascriptEnabled: true, networkConnectionEnabled: false, pageLoadStrategy: normal, platform: WINDOWS, platformName: WINDOWS, proxy: Proxy(), setWindowRect: true, strictFileInteractability: false, timeouts: {implicit: 0, pageLoad: 300000, script: 30000}, unhandledPromptBehavior: dismiss and notify}
Session ID: 2da787dc2b94b180fef4f38fdf3fcbdb
*** Element info: {Using=xpath, value=//input[@name='callback_0']}
	at com.emprix.tests.LoginTest.TC_002(LoginTest.java:26)
]]></failure>
    <system-err><![CDATA[Starting ChromeDriver 80.0.3987.16 (320f6526c1632ad4f205ebce69b99a062ed78647-refs/branch-heads/3987@{#185}) on port 20003
Only local connections are allowed.
Please protect ports used by ChromeDriver and related test frameworks to prevent access by malicious code.
[1586888437.325][WARNING]: Timed out connecting to Chrome, retrying...
Apr 14, 2020 11:50:39 PM org.openqa.selenium.remote.ProtocolHandshake createSession
INFO: Detected dialect: W3C
[1586888441.496][WARNING]: Timed out connecting to Chrome, retrying...
[1586888446.517][SEVERE]: Timed out receiving message from renderer: 0.100
[1586888446.618][SEVERE]: Timed out receiving message from renderer: 0.100
[1586888446.723][SEVERE]: Timed out receiving message from renderer: 0.100
[1586888446.826][SEVERE]: Timed out receiving message from renderer: 0.100
[1586888446.931][SEVERE]: Timed out receiving message from renderer: 0.100
[1586888447.038][SEVERE]: Timed out receiving message from renderer: 0.100
[1586888447.142][SEVERE]: Timed out receiving message from renderer: 0.100
[1586888447.243][SEVERE]: Timed out receiving message from renderer: 0.100
[1586888447.346][SEVERE]: Timed out receiving message from renderer: 0.100
[1586888447.454][SEVERE]: Timed out receiving message from renderer: 0.100
[1586888447.558][SEVERE]: Timed out receiving message from renderer: 0.100
[1586888447.662][SEVERE]: Timed out receiving message from renderer: 0.100
[1586888447.767][SEVERE]: Timed out receiving message from renderer: 0.100
[1586888447.872][SEVERE]: Timed out receiving message from renderer: 0.100
[1586888447.977][SEVERE]: Timed out receiving message from renderer: 0.100
[1586888448.081][SEVERE]: Timed out receiving message from renderer: 0.100
[1586888448.184][SEVERE]: Timed out receiving message from renderer: 0.100
[1586888448.288][SEVERE]: Timed out receiving message from renderer: 0.100
[1586888448.392][SEVERE]: Timed out receiving message from renderer: 0.100
[1586888448.495][SEVERE]: Timed out receiving message from renderer: 0.100
[1586888448.601][SEVERE]: Timed out receiving message from renderer: 0.100
[1586888448.703][SEVERE]: Timed out receiving message from renderer: 0.100
[1586888448.869][SEVERE]: Timed out receiving message from renderer: 0.100
[1586888448.972][SEVERE]: Timed out receiving message from renderer: 0.100
[1586888449.140][SEVERE]: Timed out receiving message from renderer: 0.100
[1586888449.244][SEVERE]: Timed out receiving message from renderer: 0.100
[1586888449.349][SEVERE]: Timed out receiving message from renderer: 0.100
[1586888449.455][SEVERE]: Timed out receiving message from renderer: 0.100
[1586888449.559][SEVERE]: Timed out receiving message from renderer: 0.100
[1586888449.663][SEVERE]: Timed out receiving message from renderer: 0.100
[1586888449.769][SEVERE]: Timed out receiving message from renderer: 0.100
[1586888449.874][SEVERE]: Timed out receiving message from renderer: 0.100
[1586888449.981][SEVERE]: Timed out receiving message from renderer: 0.100
[1586888450.163][SEVERE]: Timed out receiving message from renderer: 0.100
[1586888450.266][SEVERE]: Timed out receiving message from renderer: 0.100
[1586888450.369][SEVERE]: Timed out receiving message from renderer: 0.100
[1586888450.473][SEVERE]: Timed out receiving message from renderer: 0.100
[1586888450.582][SEVERE]: Timed out receiving message from renderer: 0.100
[1586888450.687][SEVERE]: Timed out receiving message from renderer: 0.100
[1586888450.791][SEVERE]: Timed out receiving message from renderer: 0.100
[1586888450.897][SEVERE]: Timed out receiving message from renderer: 0.100
[1586888451.000][SEVERE]: Timed out receiving message from renderer: 0.100
[1586888451.137][SEVERE]: Timed out receiving message from renderer: 0.100
[1586888451.239][SEVERE]: Timed out receiving message from renderer: 0.100
[1586888451.343][SEVERE]: Timed out receiving message from renderer: 0.100
[1586888451.449][SEVERE]: Timed out receiving message from renderer: 0.100
[1586888451.570][SEVERE]: Timed out receiving message from renderer: 0.100
[1586888451.674][SEVERE]: Timed out receiving message from renderer: 0.100
[1586888451.783][SEVERE]: Timed out receiving message from renderer: 0.100
[1586888451.890][SEVERE]: Timed out receiving message from renderer: 0.100
[1586888451.995][SEVERE]: Timed out receiving message from renderer: 0.100
[1586888452.100][SEVERE]: Timed out receiving message from renderer: 0.100
[1586888452.265][SEVERE]: Timed out receiving message from renderer: 0.100
[1586888452.371][SEVERE]: Timed out receiving message from renderer: 0.100
[1586888452.476][SEVERE]: Timed out receiving message from renderer: 0.100
[1586888452.582][SEVERE]: Timed out receiving message from renderer: 0.100
[1586888452.687][SEVERE]: Timed out receiving message from renderer: 0.100
[1586888452.850][SEVERE]: Timed out receiving message from renderer: 0.100
[1586888453.021][SEVERE]: Timed out receiving message from renderer: 0.100
[1586888453.127][SEVERE]: Timed out receiving message from renderer: 0.100
[1586888453.232][SEVERE]: Timed out receiving message from renderer: 0.100
[1586888453.337][SEVERE]: Timed out receiving message from renderer: 0.100
[1586888453.440][SEVERE]: Timed out receiving message from renderer: 0.100
[1586888453.553][SEVERE]: Timed out receiving message from renderer: 0.100
[1586888453.689][SEVERE]: Timed out receiving message from renderer: 0.100
[1586888453.809][SEVERE]: Timed out receiving message from renderer: 0.100
[1586888453.927][SEVERE]: Timed out receiving message from renderer: 0.100
[1586888454.033][SEVERE]: Timed out receiving message from renderer: 0.100
[1586888454.140][SEVERE]: Timed out receiving message from renderer: 0.100
[1586888454.286][SEVERE]: Timed out receiving message from renderer: 0.100
[1586888454.426][SEVERE]: Timed out receiving message from renderer: 0.100
[1586888454.528][SEVERE]: Timed out receiving message from renderer: 0.100
[1586888454.632][SEVERE]: Timed out receiving message from renderer: 0.100
[1586888454.735][SEVERE]: Timed out receiving message from renderer: 0.100
[1586888454.841][SEVERE]: Timed out receiving message from renderer: 0.100
[1586888454.946][SEVERE]: Timed out receiving message from renderer: 0.100
[1586888455.049][SEVERE]: Timed out receiving message from renderer: 0.100
[1586888455.153][SEVERE]: Timed out receiving message from renderer: 0.100
[1586888455.325][SEVERE]: Timed out receiving message from renderer: 0.100
[1586888455.431][SEVERE]: Timed out receiving message from renderer: 0.100
[1586888455.536][SEVERE]: Timed out receiving message from renderer: 0.100
[1586888455.638][SEVERE]: Timed out receiving message from renderer: 0.100
[1586888455.744][SEVERE]: Timed out receiving message from renderer: 0.100
[1586888455.854][SEVERE]: Timed out receiving message from renderer: 0.100
[1586888455.959][SEVERE]: Timed out receiving message from renderer: 0.100
[1586888456.063][SEVERE]: Timed out receiving message from renderer: 0.100
[1586888456.169][SEVERE]: Timed out receiving message from renderer: 0.100
[1586888456.273][SEVERE]: Timed out receiving message from renderer: 0.100
[1586888456.376][SEVERE]: Timed out receiving message from renderer: 0.100
[1586888456.482][SEVERE]: Timed out receiving message from renderer: 0.100
[1586888456.587][SEVERE]: Timed out receiving message from renderer: 0.100
[1586888456.689][SEVERE]: Timed out receiving message from renderer: 0.100
[1586888456.794][SEVERE]: Timed out receiving message from renderer: 0.100
[1586888456.896][SEVERE]: Timed out receiving message from renderer: 0.100
[1586888456.999][SEVERE]: Timed out receiving message from renderer: 0.100
[1586888457.102][SEVERE]: Timed out receiving message from renderer: 0.100
[1586888457.208][SEVERE]: Timed out receiving message from renderer: 0.100
[1586888457.313][SEVERE]: Timed out receiving message from renderer: 0.100
[1586888457.419][SEVERE]: Timed out receiving message from renderer: 0.100
[1586888457.591][SEVERE]: Timed out receiving message from renderer: 0.100
[1586888457.696][SEVERE]: Timed out receiving message from renderer: 0.100
[1586888457.800][SEVERE]: Timed out receiving message from renderer: 0.100
[1586888457.903][SEVERE]: Timed out receiving message from renderer: 0.100
[1586888458.007][SEVERE]: Timed out receiving message from renderer: 0.100
[1586888458.109][SEVERE]: Timed out receiving message from renderer: 0.100
[1586888458.219][SEVERE]: Timed out receiving message from renderer: 0.100
[1586888458.322][SEVERE]: Timed out receiving message from renderer: 0.100
[1586888458.425][SEVERE]: Timed out receiving message from renderer: 0.100
[1586888458.549][SEVERE]: Timed out receiving message from renderer: 0.100
[1586888458.653][SEVERE]: Timed out receiving message from renderer: 0.100
[1586888458.757][SEVERE]: Timed out receiving message from renderer: 0.100
[1586888458.863][SEVERE]: Timed out receiving message from renderer: 0.100
[1586888458.967][SEVERE]: Timed out receiving message from renderer: 0.100
[1586888459.073][SEVERE]: Timed out receiving message from renderer: 0.100
[1586888459.177][SEVERE]: Timed out receiving message from renderer: 0.100
[1586888459.282][SEVERE]: Timed out receiving message from renderer: 0.100
[1586888459.388][SEVERE]: Timed out receiving message from renderer: 0.100
[1586888459.493][SEVERE]: Timed out receiving message from renderer: 0.100
[1586888459.598][SEVERE]: Timed out receiving message from renderer: 0.100
[1586888459.702][SEVERE]: Timed out receiving message from renderer: 0.100
[1586888459.806][SEVERE]: Timed out receiving message from renderer: 0.100
[1586888459.909][SEVERE]: Timed out receiving message from renderer: 0.100
[1586888460.013][SEVERE]: Timed out receiving message from renderer: 0.100
[1586888460.122][SEVERE]: Timed out receiving message from renderer: 0.100
[1586888460.229][SEVERE]: Timed out receiving message from renderer: 0.100
[1586888460.332][SEVERE]: Timed out receiving message from renderer: 0.100
[1586888460.438][SEVERE]: Timed out receiving message from renderer: 0.100
[1586888460.544][SEVERE]: Timed out receiving message from renderer: 0.100
[1586888460.648][SEVERE]: Timed out receiving message from renderer: 0.100
[1586888460.754][SEVERE]: Timed out receiving message from renderer: 0.100
[1586888460.857][SEVERE]: Timed out receiving message from renderer: 0.100
[1586888460.963][SEVERE]: Timed out receiving message from renderer: 0.100
[1586888461.067][SEVERE]: Timed out receiving message from renderer: 0.100
[1586888461.172][SEVERE]: Timed out receiving message from renderer: 0.100
[1586888461.278][SEVERE]: Timed out receiving message from renderer: 0.100
[1586888461.381][SEVERE]: Timed out receiving message from renderer: 0.100
[1586888461.487][SEVERE]: Timed out receiving message from renderer: 0.100
[1586888461.591][SEVERE]: Timed out receiving message from renderer: 0.100
[1586888461.695][SEVERE]: Timed out receiving message from renderer: 0.100
[1586888461.800][SEVERE]: Timed out receiving message from renderer: 0.100
[1586888461.902][SEVERE]: Timed out receiving message from renderer: 0.100
[1586888462.009][SEVERE]: Timed out receiving message from renderer: 0.100
[1586888462.114][SEVERE]: Timed out receiving message from renderer: 0.100
[1586888462.220][SEVERE]: Timed out receiving message from renderer: 0.100
[1586888462.323][SEVERE]: Timed out receiving message from renderer: 0.100
[1586888462.430][SEVERE]: Timed out receiving message from renderer: 0.100
[1586888462.537][SEVERE]: Timed out receiving message from renderer: 0.100
[1586888462.643][SEVERE]: Timed out receiving message from renderer: 0.100
[1586888462.749][SEVERE]: Timed out receiving message from renderer: 0.100
[1586888462.858][SEVERE]: Timed out receiving message from renderer: 0.100
[1586888462.962][SEVERE]: Timed out receiving message from renderer: 0.100
[1586888463.069][SEVERE]: Timed out receiving message from renderer: 0.100
[1586888463.172][SEVERE]: Timed out receiving message from renderer: 0.100
[1586888463.278][SEVERE]: Timed out receiving message from renderer: 0.100
[1586888463.382][SEVERE]: Timed out receiving message from renderer: 0.100
[1586888463.528][SEVERE]: Timed out receiving message from renderer: 0.100
[1586888463.677][SEVERE]: Timed out receiving message from renderer: 0.100
[1586888463.780][SEVERE]: Timed out receiving message from renderer: 0.100
[1586888463.889][SEVERE]: Timed out receiving message from renderer: 0.100
[1586888463.993][SEVERE]: Timed out receiving message from renderer: 0.100
[1586888464.098][SEVERE]: Timed out receiving message from renderer: 0.100
[1586888464.203][SEVERE]: Timed out receiving message from renderer: 0.100
[1586888464.307][SEVERE]: Timed out receiving message from renderer: 0.100
[1586888464.411][SEVERE]: Timed out receiving message from renderer: 0.100
[1586888464.518][SEVERE]: Timed out receiving message from renderer: 0.100
[1586888464.621][SEVERE]: Timed out receiving message from renderer: 0.100
[1586888464.727][SEVERE]: Timed out receiving message from renderer: 0.100
[1586888464.832][SEVERE]: Timed out receiving message from renderer: 0.100
[1586888464.936][SEVERE]: Timed out receiving message from renderer: 0.100
[1586888465.041][SEVERE]: Timed out receiving message from renderer: 0.100
[1586888465.149][SEVERE]: Timed out receiving message from renderer: 0.100
[1586888465.254][SEVERE]: Timed out receiving message from renderer: 0.100
[1586888465.359][SEVERE]: Timed out receiving message from renderer: 0.100
[1586888465.463][SEVERE]: Timed out receiving message from renderer: 0.100
[1586888465.569][SEVERE]: Timed out receiving message from renderer: 0.100
[1586888465.674][SEVERE]: Timed out receiving message from renderer: 0.100
[1586888465.779][SEVERE]: Timed out receiving message from renderer: 0.100
[1586888465.883][SEVERE]: Timed out receiving message from renderer: 0.100
[1586888465.989][SEVERE]: Timed out receiving message from renderer: 0.100
[1586888466.099][SEVERE]: Timed out receiving message from renderer: 0.100
[1586888466.204][SEVERE]: Timed out receiving message from renderer: 0.100
[1586888466.307][SEVERE]: Timed out receiving message from renderer: 0.100
[1586888466.410][SEVERE]: Timed out receiving message from renderer: 0.100
[1586888466.519][SEVERE]: Timed out receiving message from renderer: 0.100
[1586888466.689][SEVERE]: Timed out receiving message from renderer: 0.100
[1586888466.797][SEVERE]: Timed out receiving message from renderer: 0.100
[1586888466.903][SEVERE]: Timed out receiving message from renderer: 0.100
[1586888467.007][SEVERE]: Timed out receiving message from renderer: 0.100
[1586888467.195][SEVERE]: Timed out receiving message from renderer: 0.100
[1586888467.299][SEVERE]: Timed out receiving message from renderer: 0.100
[1586888467.463][SEVERE]: Timed out receiving message from renderer: 0.100
[1586888467.566][SEVERE]: Timed out receiving message from renderer: 0.100
[1586888467.672][SEVERE]: Timed out receiving message from renderer: 0.100
[1586888467.774][SEVERE]: Timed out receiving message from renderer: 0.100
[1586888467.982][SEVERE]: Timed out receiving message from renderer: 0.100
[1586888468.086][SEVERE]: Timed out receiving message from renderer: 0.100
[1586888468.189][SEVERE]: Timed out receiving message from renderer: 0.100
[1586888468.295][SEVERE]: Timed out receiving message from renderer: 0.100
[1586888468.399][SEVERE]: Timed out receiving message from renderer: 0.100
[1586888468.502][SEVERE]: Timed out receiving message from renderer: 0.100
[1586888468.609][SEVERE]: Timed out receiving message from renderer: 0.100
[1586888468.718][SEVERE]: Timed out receiving message from renderer: 0.100
[1586888468.821][SEVERE]: Timed out receiving message from renderer: 0.100
[1586888468.925][SEVERE]: Timed out receiving message from renderer: 0.100
[1586888469.031][SEVERE]: Timed out receiving message from renderer: 0.100
[1586888469.135][SEVERE]: Timed out receiving message from renderer: 0.100
[1586888469.238][SEVERE]: Timed out receiving message from renderer: 0.100
[1586888469.343][SEVERE]: Timed out receiving message from renderer: 0.100
[1586888469.449][SEVERE]: Timed out receiving message from renderer: 0.100
[1586888469.553][SEVERE]: Timed out receiving message from renderer: 0.100
[1586888469.658][SEVERE]: Timed out receiving message from renderer: 0.100
[1586888469.762][SEVERE]: Timed out receiving message from renderer: 0.100
[1586888469.867][SEVERE]: Timed out receiving message from renderer: 0.100
[1586888469.973][SEVERE]: Timed out receiving message from renderer: 0.100
[1586888470.077][SEVERE]: Timed out receiving message from renderer: 0.100
[1586888470.182][SEVERE]: Timed out receiving message from renderer: 0.100
[1586888470.286][SEVERE]: Timed out receiving message from renderer: 0.100
[1586888470.389][SEVERE]: Timed out receiving message from renderer: 0.100
[1586888470.495][SEVERE]: Timed out receiving message from renderer: 0.100
[1586888470.599][SEVERE]: Timed out receiving message from renderer: 0.100
[1586888470.706][SEVERE]: Timed out receiving message from renderer: 0.100
[1586888470.810][SEVERE]: Timed out receiving message from renderer: 0.100
[1586888470.915][SEVERE]: Timed out receiving message from renderer: 0.100
[1586888471.019][SEVERE]: Timed out receiving message from renderer: 0.100
[1586888471.124][SEVERE]: Timed out receiving message from renderer: 0.100
[1586888471.231][SEVERE]: Timed out receiving message from renderer: 0.100
[1586888471.339][SEVERE]: Timed out receiving message from renderer: 0.100
[1586888471.443][SEVERE]: Timed out receiving message from renderer: 0.100
[1586888471.549][SEVERE]: Timed out receiving message from renderer: 0.100
[1586888471.653][SEVERE]: Timed out receiving message from renderer: 0.100
[1586888471.760][SEVERE]: Timed out receiving message from renderer: 0.100
[1586888471.863][SEVERE]: Timed out receiving message from renderer: 0.100
[1586888471.968][SEVERE]: Timed out receiving message from renderer: 0.100
[1586888472.072][SEVERE]: Timed out receiving message from renderer: 0.100
[1586888472.180][SEVERE]: Timed out receiving message from renderer: 0.100
[1586888472.283][SEVERE]: Timed out receiving message from renderer: 0.100
[1586888472.387][SEVERE]: Timed out receiving message from renderer: 0.100
[1586888472.493][SEVERE]: Timed out receiving message from renderer: 0.100
[1586888472.602][SEVERE]: Timed out receiving message from renderer: 0.100
[1586888472.708][SEVERE]: Timed out receiving message from renderer: 0.100
[1586888472.812][SEVERE]: Timed out receiving message from renderer: 0.100
[1586888472.918][SEVERE]: Timed out receiving message from renderer: 0.100
[1586888473.023][SEVERE]: Timed out receiving message from renderer: 0.100
[1586888473.129][SEVERE]: Timed out receiving message from renderer: 0.100
[1586888473.232][SEVERE]: Timed out receiving message from renderer: 0.100
[1586888473.336][SEVERE]: Timed out receiving message from renderer: 0.100
[1586888473.439][SEVERE]: Timed out receiving message from renderer: 0.100
[1586888473.542][SEVERE]: Timed out receiving message from renderer: 0.100
[1586888473.650][SEVERE]: Timed out receiving message from renderer: 0.100
[1586888473.753][SEVERE]: Timed out receiving message from renderer: 0.100
[1586888473.860][SEVERE]: Timed out receiving message from renderer: 0.100
[1586888473.963][SEVERE]: Timed out receiving message from renderer: 0.100
[1586888474.064][SEVERE]: Timed out receiving message from renderer: 0.100
[1586888474.169][SEVERE]: Timed out receiving message from renderer: 0.100
[1586888474.273][SEVERE]: Timed out receiving message from renderer: 0.100
[1586888474.377][SEVERE]: Timed out receiving message from renderer: 0.100
[1586888474.481][SEVERE]: Timed out receiving message from renderer: 0.100
[1586888474.585][SEVERE]: Timed out receiving message from renderer: 0.100
[1586888474.690][SEVERE]: Timed out receiving message from renderer: 0.100
[1586888474.798][SEVERE]: Timed out receiving message from renderer: 0.100
[1586888474.902][SEVERE]: Timed out receiving message from renderer: 0.100
[1586888475.008][SEVERE]: Timed out receiving message from renderer: 0.100
[1586888475.112][SEVERE]: Timed out receiving message from renderer: 0.100
[1586888475.218][SEVERE]: Timed out receiving message from renderer: 0.100
[1586888475.322][SEVERE]: Timed out receiving message from renderer: 0.100
[1586888475.454][SEVERE]: Timed out receiving message from renderer: 0.100
[1586888475.557][SEVERE]: Timed out receiving message from renderer: 0.100
[1586888475.662][SEVERE]: Timed out receiving message from renderer: 0.100
[1586888475.769][SEVERE]: Timed out receiving message from renderer: 0.100
[1586888475.872][SEVERE]: Timed out receiving message from renderer: 0.100
[1586888475.977][SEVERE]: Timed out receiving message from renderer: 0.100
[1586888476.081][SEVERE]: Timed out receiving message from renderer: 0.100
[1586888476.187][SEVERE]: Timed out receiving message from renderer: 0.100
[1586888476.291][SEVERE]: Timed out receiving message from renderer: 0.100
[1586888476.396][SEVERE]: Timed out receiving message from renderer: 0.100
[1586888476.499][SEVERE]: Timed out receiving message from renderer: 0.100
[1586888476.603][SEVERE]: Timed out receiving message from renderer: 0.100
[1586888476.707][SEVERE]: Timed out receiving message from renderer: 0.100
[1586888476.810][SEVERE]: Timed out receiving message from renderer: 0.100
[1586888476.918][SEVERE]: Timed out receiving message from renderer: 0.100
[1586888477.022][SEVERE]: Timed out receiving message from renderer: 0.100
[1586888477.127][SEVERE]: Timed out receiving message from renderer: 0.100
[1586888477.232][SEVERE]: Timed out receiving message from renderer: 0.100
[1586888477.336][SEVERE]: Timed out receiving message from renderer: 0.100
[1586888477.441][SEVERE]: Timed out receiving message from renderer: 0.100
[1586888477.546][SEVERE]: Timed out receiving message from renderer: 0.100
[1586888477.652][SEVERE]: Timed out receiving message from renderer: 0.100
[1586888477.757][SEVERE]: Timed out receiving message from renderer: 0.100
[1586888477.861][SEVERE]: Timed out receiving message from renderer: 0.100
[1586888477.976][SEVERE]: Timed out receiving message from renderer: 0.100
[1586888478.102][SEVERE]: Timed out receiving message from renderer: 0.100
[1586888478.209][SEVERE]: Timed out receiving message from renderer: 0.100
[1586888478.315][SEVERE]: Timed out receiving message from renderer: 0.100
[1586888478.419][SEVERE]: Timed out receiving message from renderer: 0.100
[1586888478.521][SEVERE]: Timed out receiving message from renderer: 0.100
[1586888478.627][SEVERE]: Timed out receiving message from renderer: 0.100
[1586888478.733][SEVERE]: Timed out receiving message from renderer: 0.100
[1586888478.836][SEVERE]: Timed out receiving message from renderer: 0.100
[1586888478.941][SEVERE]: Timed out receiving message from renderer: 0.100
[1586888479.045][SEVERE]: Timed out receiving message from renderer: 0.100
[1586888479.148][SEVERE]: Timed out receiving message from renderer: 0.100
[1586888479.253][SEVERE]: Timed out receiving message from renderer: 0.100
[1586888479.359][SEVERE]: Timed out receiving message from renderer: 0.100
[1586888479.462][SEVERE]: Timed out receiving message from renderer: 0.100
[1586888479.566][SEVERE]: Timed out receiving message from renderer: 0.100
java.lang.NullPointerException
	at java.util.Objects.requireNonNull(Objects.java:203)
	at org.openqa.selenium.support.ui.FluentWait.<init>(FluentWait.java:106)
	at org.openqa.selenium.support.ui.WebDriverWait.<init>(WebDriverWait.java:85)
	at org.openqa.selenium.support.ui.WebDriverWait.<init>(WebDriverWait.java:45)
	at com.emprix.pages.BasePage.waitShortForVisible(BasePage.java:48)
	at com.emprix.pages.BasePage.waitForLoader(BasePage.java:39)
	at com.emprix.pages.LoginPage.<init>(LoginPage.java:14)
	at sun.reflect.NativeConstructorAccessorImpl.newInstance0(Native Method)
	at sun.reflect.NativeConstructorAccessorImpl.newInstance(NativeConstructorAccessorImpl.java:62)
	at sun.reflect.DelegatingConstructorAccessorImpl.newInstance(DelegatingConstructorAccessorImpl.java:45)
	at java.lang.reflect.Constructor.newInstance(Constructor.java:423)
	at org.openqa.selenium.support.PageFactory.instantiatePage(PageFactory.java:129)
	at org.openqa.selenium.support.PageFactory.initElements(PageFactory.java:64)
	at com.emprix.tests.LoginTest.TC_002(LoginTest.java:25)
	at sun.reflect.NativeMethodAccessorImpl.invoke0(Native Method)
	at sun.reflect.NativeMethodAccessorImpl.invoke(NativeMethodAccessorImpl.java:62)
	at sun.reflect.DelegatingMethodAccessorImpl.invoke(DelegatingMethodAccessorImpl.java:43)
	at java.lang.reflect.Method.invoke(Method.java:498)
	at org.testng.internal.MethodInvocationHelper.invokeMethod(MethodInvocationHelper.java:124)
	at org.testng.internal.Invoker.invokeMethod(Invoker.java:583)
	at org.testng.internal.Invoker.invokeTestMethod(Invoker.java:719)
	at org.testng.internal.Invoker.invokeTestMethods(Invoker.java:989)
	at org.testng.internal.TestMethodWorker.invokeTestMethods(TestMethodWorker.java:125)
	at org.testng.internal.TestMethodWorker.run(TestMethodWorker.java:109)
	at org.testng.TestRunner.privateRun(TestRunner.java:648)
	at org.testng.TestRunner.run(TestRunner.java:505)
	at org.testng.SuiteRunner.runTest(SuiteRunner.java:455)
	at org.testng.SuiteRunner.runSequentially(SuiteRunner.java:450)
	at org.testng.SuiteRunner.privateRun(SuiteRunner.java:415)
	at org.testng.SuiteRunner.run(SuiteRunner.java:364)
	at org.testng.SuiteRunnerWorker.runSuite(SuiteRunnerWorker.java:52)
	at org.testng.SuiteRunnerWorker.run(SuiteRunnerWorker.java:84)
	at org.testng.TestNG.runSuitesSequentially(TestNG.java:1208)
	at org.testng.TestNG.runSuitesLocally(TestNG.java:1137)
	at org.testng.TestNG.runSuites(TestNG.java:1049)
	at org.testng.TestNG.run(TestNG.java:1017)
	at org.apache.maven.surefire.testng.TestNGExecutor.run(TestNGExecutor.java:283)
	at org.apache.maven.surefire.testng.TestNGXmlTestSuite.execute(TestNGXmlTestSuite.java:75)
	at org.apache.maven.surefire.testng.TestNGProvider.invoke(TestNGProvider.java:120)
	at org.apache.maven.surefire.booter.ForkedBooter.runSuitesInProcess(ForkedBooter.java:377)
	at org.apache.maven.surefire.booter.ForkedBooter.execute(ForkedBooter.java:138)
	at org.apache.maven.surefire.booter.ForkedBooter.run(ForkedBooter.java:465)
	at org.apache.maven.surefire.booter.ForkedBooter.main(ForkedBooter.java:451)
]]></system-err>
  </testcase>
  <testcase name="TC_01" classname="com.emprix.tests.LoginTest" time="15.095">
    <failure message="no such element: Unable to locate element: {&quot;method&quot;:&quot;xpath&quot;,&quot;selector&quot;:&quot;//input[@name=&apos;callback_0&apos;]&quot;}&#10;  (Session info: chrome=80.0.3987.163)&#10;For documentation on this error, please visit: https://www.seleniumhq.org/exceptions/no_such_element.html&#10;Build info: version: &apos;3.141.59&apos;, revision: &apos;e82be7d358&apos;, time: &apos;2018-11-14T08:17:03&apos;&#10;System info: host: &apos;LAP-TZD-0X73500&apos;, ip: &apos;192.168.100.101&apos;, os.name: &apos;Windows 10&apos;, os.arch: &apos;amd64&apos;, os.version: &apos;10.0&apos;, java.version: &apos;1.8.0_231&apos;&#10;Driver info: org.openqa.selenium.chrome.ChromeDriver&#10;Capabilities {acceptInsecureCerts: false, browserName: chrome, browserVersion: 80.0.3987.163, chrome: {chromedriverVersion: 80.0.3987.16 (320f6526c1632..., userDataDir: C:\Users\VIDHUK~1.VIK\AppDa...}, goog:chromeOptions: {debuggerAddress: localhost:56909}, javascriptEnabled: true, networkConnectionEnabled: false, pageLoadStrategy: normal, platform: WINDOWS, platformName: WINDOWS, proxy: Proxy(), setWindowRect: true, strictFileInteractability: false, timeouts: {implicit: 0, pageLoad: 300000, script: 30000}, unhandledPromptBehavior: dismiss and notify}&#10;Session ID: 2da787dc2b94b180fef4f38fdf3fcbdb&#10;*** Element info: {Using=xpath, value=//input[@name=&apos;callback_0&apos;]}" type="org.openqa.selenium.NoSuchElementException"><![CDATA[org.openqa.selenium.NoSuchElementException: 
no such element: Unable to locate element: {"method":"xpath","selector":"//input[@name='callback_0']"}
  (Session info: chrome=80.0.3987.163)
For documentation on this error, please visit: https://www.seleniumhq.org/exceptions/no_such_element.html
Build info: version: '3.141.59', revision: 'e82be7d358', time: '2018-11-14T08:17:03'
System info: host: 'LAP-TZD-0X73500', ip: '192.168.100.101', os.name: 'Windows 10', os.arch: 'amd64', os.version: '10.0', java.version: '1.8.0_231'
Driver info: org.openqa.selenium.chrome.ChromeDriver
Capabilities {acceptInsecureCerts: false, browserName: chrome, browserVersion: 80.0.3987.163, chrome: {chromedriverVersion: 80.0.3987.16 (320f6526c1632..., userDataDir: C:\Users\VIDHUK~1.VIK\AppDa...}, goog:chromeOptions: {debuggerAddress: localhost:56909}, javascriptEnabled: true, networkConnectionEnabled: false, pageLoadStrategy: normal, platform: WINDOWS, platformName: WINDOWS, proxy: Proxy(), setWindowRect: true, strictFileInteractability: false, timeouts: {implicit: 0, pageLoad: 300000, script: 30000}, unhandledPromptBehavior: dismiss and notify}
Session ID: 2da787dc2b94b180fef4f38fdf3fcbdb
*** Element info: {Using=xpath, value=//input[@name='callback_0']}
	at com.emprix.tests.LoginTest.TC_01(LoginTest.java:20)
]]></failure>
    <system-err><![CDATA[java.lang.NullPointerException
	at java.util.Objects.requireNonNull(Objects.java:203)
	at org.openqa.selenium.support.ui.FluentWait.<init>(FluentWait.java:106)
	at org.openqa.selenium.support.ui.WebDriverWait.<init>(WebDriverWait.java:85)
	at org.openqa.selenium.support.ui.WebDriverWait.<init>(WebDriverWait.java:45)
	at com.emprix.pages.BasePage.waitShortForVisible(BasePage.java:48)
	at com.emprix.pages.BasePage.waitForLoader(BasePage.java:39)
	at com.emprix.pages.LoginPage.<init>(LoginPage.java:14)
	at sun.reflect.NativeConstructorAccessorImpl.newInstance0(Native Method)
	at sun.reflect.NativeConstructorAccessorImpl.newInstance(NativeConstructorAccessorImpl.java:62)
	at sun.reflect.DelegatingConstructorAccessorImpl.newInstance(DelegatingConstructorAccessorImpl.java:45)
	at java.lang.reflect.Constructor.newInstance(Constructor.java:423)
	at org.openqa.selenium.support.PageFactory.instantiatePage(PageFactory.java:129)
	at org.openqa.selenium.support.PageFactory.initElements(PageFactory.java:64)
	at com.emprix.tests.LoginTest.TC_01(LoginTest.java:19)
	at sun.reflect.NativeMethodAccessorImpl.invoke0(Native Method)
	at sun.reflect.NativeMethodAccessorImpl.invoke(NativeMethodAccessorImpl.java:62)
	at sun.reflect.DelegatingMethodAccessorImpl.invoke(DelegatingMethodAccessorImpl.java:43)
	at java.lang.reflect.Method.invoke(Method.java:498)
	at org.testng.internal.MethodInvocationHelper.invokeMethod(MethodInvocationHelper.java:124)
	at org.testng.internal.Invoker.invokeMethod(Invoker.java:583)
	at org.testng.internal.Invoker.invokeTestMethod(Invoker.java:719)
	at org.testng.internal.Invoker.invokeTestMethods(Invoker.java:989)
	at org.testng.internal.TestMethodWorker.invokeTestMethods(TestMethodWorker.java:125)
	at org.testng.internal.TestMethodWorker.run(TestMethodWorker.java:109)
	at org.testng.TestRunner.privateRun(TestRunner.java:648)
	at org.testng.TestRunner.run(TestRunner.java:505)
	at org.testng.SuiteRunner.runTest(SuiteRunner.java:455)
	at org.testng.SuiteRunner.runSequentially(SuiteRunner.java:450)
	at org.testng.SuiteRunner.privateRun(SuiteRunner.java:415)
	at org.testng.SuiteRunner.run(SuiteRunner.java:364)
	at org.testng.SuiteRunnerWorker.runSuite(SuiteRunnerWorker.java:52)
	at org.testng.SuiteRunnerWorker.run(SuiteRunnerWorker.java:84)
	at org.testng.TestNG.runSuitesSequentially(TestNG.java:1208)
	at org.testng.TestNG.runSuitesLocally(TestNG.java:1137)
	at org.testng.TestNG.runSuites(TestNG.java:1049)
	at org.testng.TestNG.run(TestNG.java:1017)
	at org.apache.maven.surefire.testng.TestNGExecutor.run(TestNGExecutor.java:283)
	at org.apache.maven.surefire.testng.TestNGXmlTestSuite.execute(TestNGXmlTestSuite.java:75)
	at org.apache.maven.surefire.testng.TestNGProvider.invoke(TestNGProvider.java:120)
	at org.apache.maven.surefire.booter.ForkedBooter.runSuitesInProcess(ForkedBooter.java:377)
	at org.apache.maven.surefire.booter.ForkedBooter.execute(ForkedBooter.java:138)
	at org.apache.maven.surefire.booter.ForkedBooter.run(ForkedBooter.java:465)
	at org.apache.maven.surefire.booter.ForkedBooter.main(ForkedBooter.java:451)
]]></system-err>
  </testcase>
</testsuite>