<?xml version="1.0" encoding="UTF-8"?>
<!-- Generated by org.testng.reporters.JUnitReportReporter -->
<testsuite hostname="LAP-TZD-0X73500" name="com.emprix.tests.DashboardTest" tests="1" failures="0" timestamp="14 Apr 2020 18:14:40 GMT" time="50.052" errors="0">
  <testcase name="TC_006" time="50.052" classname="com.emprix.tests.DashboardTest"/>
</testsuite> <!-- com.emprix.tests.DashboardTest -->
