<?xml version="1.0" encoding="UTF-8"?>
<!-- Generated by org.testng.reporters.JUnitReportReporter -->
<testsuite hostname="LAP-TZD-0X73500" name="com.emprix.tests.LoginTest" tests="1" failures="0" timestamp="14 Apr 2020 13:46:54 GMT" time="16.346" errors="0">
  <testcase name="TC_01" time="16.346" classname="com.emprix.tests.LoginTest"/>
</testsuite> <!-- com.emprix.tests.LoginTest -->
